<?xml version="1.0" encoding="UTF-8"?>
<!-- Generated by org.testng.reporters.JUnitReportReporter -->
<testsuite hostname="Rohan-PC" failures="0" tests="1" name="Zerodha.Automatezerodha" time="9.314" errors="0" timestamp="2022-01-14T01:28:18 IST" skipped="0">
  <testcase classname="Zerodha.Automatezerodha" name="checkpage" time="9.314"/>
  <system-out/>
</testsuite> <!-- Zerodha.Automatezerodha -->
